#
# There is insufficient memory for the Java Runtime Environment to continue.
# Native memory allocation (malloc) failed to allocate 32784 bytes for Chunk::new
# Possible reasons:
#   The system is out of physical RAM or swap space
#   In 32 bit mode, the process size limit was hit
# Possible solutions:
#   Reduce memory load on the system
#   Increase physical memory or swap space
#   Check if swap backing store is full
#   Use 64 bit Java on a 64 bit OS
#   Decrease Java heap size (-Xmx/-Xms)
#   Decrease number of Java threads
#   Decrease Java thread stack sizes (-Xss)
#   Set larger code cache with -XX:ReservedCodeCacheSize=
# This output file may be truncated or incomplete.
#
#  Out of Memory Error (allocation.cpp:390), pid=172, tid=760
#
# JRE version: Java(TM) SE Runtime Environment (8.0_71-b15) (build 1.8.0_71-b15)
# Java VM: Java HotSpot(TM) 64-Bit Server VM (25.71-b15 mixed mode windows-amd64 compressed oops)
# Failed to write core dump. Minidumps are not enabled by default on client versions of Windows
#

---------------  T H R E A D  ---------------

Current thread (0x000000005510a800):  JavaThread "C2 CompilerThread1" daemon [_thread_in_native, id=760, stack(0x0000000056400000,0x0000000056500000)]

Stack: [0x0000000056400000,0x0000000056500000]
[error occurred during error reporting (printing stack bounds), id 0xc0000005]

Native frames: (J=compiled Java code, j=interpreted, Vv=VM code, C=native code)


Current CompileTask:
C2:  22309 1991       4       com.android.dx.ssa.back.FirstFitLocalCombiningAllocator::tryMapRegs (110 bytes)


---------------  P R O C E S S  ---------------

Java Threads: ( => current thread )
  0x00000000570be000 JavaThread "pool-1-thread-4" [_thread_blocked, id=5488, stack(0x00000000578d0000,0x00000000579d0000)]
  0x0000000057011800 JavaThread "pool-1-thread-3" [_thread_blocked, id=3064, stack(0x00000000577c0000,0x00000000578c0000)]
  0x000000005700e800 JavaThread "pool-1-thread-2" [_thread_blocked, id=1436, stack(0x0000000057670000,0x0000000057770000)]
  0x000000005700e000 JavaThread "pool-2-thread-1" [_thread_blocked, id=3440, stack(0x00000000574c0000,0x00000000575c0000)]
  0x000000005700d000 JavaThread "pool-1-thread-1" [_thread_in_vm, id=5988, stack(0x0000000057250000,0x0000000057350000)]
  0x0000000056d18800 JavaThread "Service Thread" daemon [_thread_blocked, id=6124, stack(0x0000000057120000,0x0000000057220000)]
  0x000000005510b800 JavaThread "C1 CompilerThread2" daemon [_thread_blocked, id=2440, stack(0x0000000056c10000,0x0000000056d10000)]
=>0x000000005510a800 JavaThread "C2 CompilerThread1" daemon [_thread_in_native, id=760, stack(0x0000000056400000,0x0000000056500000)]
  0x0000000055106000 JavaThread "C2 CompilerThread0" daemon [_thread_in_native, id=4764, stack(0x0000000056a60000,0x0000000056b60000)]
  0x0000000055102000 JavaThread "Attach Listener" daemon [_thread_blocked, id=3576, stack(0x0000000056850000,0x0000000056950000)]
  0x0000000055101000 JavaThread "Signal Dispatcher" daemon [_thread_blocked, id=5180, stack(0x00000000566a0000,0x00000000567a0000)]
  0x00000000550a1000 JavaThread "Finalizer" daemon [_thread_blocked, id=2428, stack(0x0000000056520000,0x0000000056620000)]
  0x000000005509f800 JavaThread "Reference Handler" daemon [_thread_blocked, id=4580, stack(0x00000000562c0000,0x00000000563c0000)]
  0x00000000021fe000 JavaThread "main" [_thread_blocked, id=5384, stack(0x00000000025b0000,0x00000000026b0000)]

Other Threads:
  0x000000005509a000 VMThread [stack: 0x00000000561a0000,0x00000000562a0000] [id=4812]
  0x0000000056da6800 WatcherThread [stack: 0x0000000057370000,0x0000000057470000] [id=5344]

VM state:not at safepoint (normal execution)

VM Mutex/Monitor currently owned by a thread: None

Heap:
 PSYoungGen      total 93696K, used 33245K [0x00000000eab00000, 0x00000000f0a00000, 0x0000000100000000)
  eden space 90112K, 32% used [0x00000000eab00000,0x00000000ec7ff048,0x00000000f0300000)
  from space 3584K, 99% used [0x00000000f0680000,0x00000000f09f8688,0x00000000f0a00000)
  to   space 3584K, 0% used [0x00000000f0300000,0x00000000f0300000,0x00000000f0680000)
 ParOldGen       total 60416K, used 17861K [0x00000000c0000000, 0x00000000c3b00000, 0x00000000eab00000)
  object space 60416K, 29% used [0x00000000c0000000,0x00000000c1171560,0x00000000c3b00000)
 Metaspace       used 6361K, capacity 7128K, committed 7424K, reserved 1056768K
  class space    used 617K, capacity 656K, committed 768K, reserved 1048576K

Card table byte_map: [0x0000000011d40000,0x0000000011f50000] byte_map_base: 0x0000000011740000

Marking Bits: (ParMarkBitMap*) 0x000000006cb7f600
 Begin Bits: [0x0000000012510000, 0x0000000013510000)
 End Bits:   [0x0000000013510000, 0x0000000014510000)

Polling page: 0x0000000000130000

CodeCache: size=245760Kb used=9314Kb max_used=9338Kb free=236445Kb
 bounds [0x0000000002980000, 0x00000000032b0000, 0x0000000011980000]
 total_blobs=2197 nmethods=1928 adapters=182
 compilation: enabled

Compilation events (10 events):
Event: 21.940 Thread 0x000000005510a800 nmethod 1987 0x0000000002aa2a50 code [0x0000000002aa2ba0, 0x0000000002aa2c78]
Event: 21.979 Thread 0x0000000055106000 nmethod 1953 0x0000000003299ed0 code [0x000000000329a480, 0x000000000329e508]
Event: 22.134 Thread 0x000000005510a800 1988       4       com.android.dx.ssa.SsaRenamer$BlockRenamer::processResultReg (56 bytes)
Event: 22.137 Thread 0x000000005510a800 nmethod 1988 0x0000000003244e10 code [0x0000000003244f60, 0x0000000003245098]
Event: 22.180 Thread 0x0000000055106000 1989       4       com.android.dx.ssa.PhiInsn::getSources (95 bytes)
Event: 22.194 Thread 0x0000000055106000 nmethod 1989 0x0000000003272690 code [0x0000000003272800, 0x0000000003272bd8]
Event: 22.248 Thread 0x000000005510b800 1990       3       com.android.dx.cf.direct.DirectClassFile::makeTypeList (47 bytes)
Event: 22.248 Thread 0x000000005510b800 nmethod 1990 0x0000000003272050 code [0x00000000032721e0, 0x0000000003272538]
Event: 22.295 Thread 0x000000005510a800 1991       4       com.android.dx.ssa.back.FirstFitLocalCombiningAllocator::tryMapRegs (110 bytes)
Event: 22.307 Thread 0x0000000055106000 1992 %     4       com.android.dx.ssa.back.IdenticalBlockCombiner::process @ 25 (323 bytes)

GC Heap History (8 events):
Event: 3.791 GC heap before
{Heap before GC invocations=1 (full 0):
 PSYoungGen      total 26112K, used 22528K [0x00000000eab00000, 0x00000000ec800000, 0x0000000100000000)
  eden space 22528K, 100% used [0x00000000eab00000,0x00000000ec100000,0x00000000ec100000)
  from space 3584K, 0% used [0x00000000ec480000,0x00000000ec480000,0x00000000ec800000)
  to   space 3584K, 0% used [0x00000000ec100000,0x00000000ec100000,0x00000000ec480000)
 ParOldGen       total 60416K, used 0K [0x00000000c0000000, 0x00000000c3b00000, 0x00000000eab00000)
  object space 60416K, 0% used [0x00000000c0000000,0x00000000c0000000,0x00000000c3b00000)
 Metaspace       used 5896K, capacity 6832K, committed 7040K, reserved 1056768K
  class space    used 594K, capacity 616K, committed 640K, reserved 1048576K
Event: 4.095 GC heap after
Heap after GC invocations=1 (full 0):
 PSYoungGen      total 26112K, used 3562K [0x00000000eab00000, 0x00000000ede00000, 0x0000000100000000)
  eden space 22528K, 0% used [0x00000000eab00000,0x00000000eab00000,0x00000000ec100000)
  from space 3584K, 99% used [0x00000000ec100000,0x00000000ec47ab38,0x00000000ec480000)
  to   space 3584K, 0% used [0x00000000eda80000,0x00000000eda80000,0x00000000ede00000)
 ParOldGen       total 60416K, used 1708K [0x00000000c0000000, 0x00000000c3b00000, 0x00000000eab00000)
  object space 60416K, 2% used [0x00000000c0000000,0x00000000c01ab008,0x00000000c3b00000)
 Metaspace       used 5896K, capacity 6832K, committed 7040K, reserved 1056768K
  class space    used 594K, capacity 616K, committed 640K, reserved 1048576K
}
Event: 6.579 GC heap before
{Heap before GC invocations=2 (full 0):
 PSYoungGen      total 26112K, used 26090K [0x00000000eab00000, 0x00000000ede00000, 0x0000000100000000)
  eden space 22528K, 100% used [0x00000000eab00000,0x00000000ec100000,0x00000000ec100000)
  from space 3584K, 99% used [0x00000000ec100000,0x00000000ec47ab38,0x00000000ec480000)
  to   space 3584K, 0% used [0x00000000eda80000,0x00000000eda80000,0x00000000ede00000)
 ParOldGen       total 60416K, used 1708K [0x00000000c0000000, 0x00000000c3b00000, 0x00000000eab00000)
  object space 60416K, 2% used [0x00000000c0000000,0x00000000c01ab008,0x00000000c3b00000)
 Metaspace       used 6079K, capacity 6960K, committed 7040K, reserved 1056768K
  class space    used 595K, capacity 616K, committed 640K, reserved 1048576K
Event: 6.902 GC heap after
Heap after GC invocations=2 (full 0):
 PSYoungGen      total 48640K, used 3559K [0x00000000eab00000, 0x00000000ede00000, 0x0000000100000000)
  eden space 45056K, 0% used [0x00000000eab00000,0x00000000eab00000,0x00000000ed700000)
  from space 3584K, 99% used [0x00000000eda80000,0x00000000eddf9c78,0x00000000ede00000)
  to   space 3584K, 0% used [0x00000000ed700000,0x00000000ed700000,0x00000000eda80000)
 ParOldGen       total 60416K, used 4698K [0x00000000c0000000, 0x00000000c3b00000, 0x00000000eab00000)
  object space 60416K, 7% used [0x00000000c0000000,0x00000000c0496848,0x00000000c3b00000)
 Metaspace       used 6079K, capacity 6960K, committed 7040K, reserved 1056768K
  class space    used 595K, capacity 616K, committed 640K, reserved 1048576K
}
Event: 11.077 GC heap before
{Heap before GC invocations=3 (full 0):
 PSYoungGen      total 48640K, used 48615K [0x00000000eab00000, 0x00000000ede00000, 0x0000000100000000)
  eden space 45056K, 100% used [0x00000000eab00000,0x00000000ed700000,0x00000000ed700000)
  from space 3584K, 99% used [0x00000000eda80000,0x00000000eddf9c78,0x00000000ede00000)
  to   space 3584K, 0% used [0x00000000ed700000,0x00000000ed700000,0x00000000eda80000)
 ParOldGen       total 60416K, used 4698K [0x00000000c0000000, 0x00000000c3b00000, 0x00000000eab00000)
  object space 60416K, 7% used [0x00000000c0000000,0x00000000c0496848,0x00000000c3b00000)
 Metaspace       used 6188K, capacity 7088K, committed 7296K, reserved 1056768K
  class space    used 597K, capacity 616K, committed 640K, reserved 1048576K
Event: 11.821 GC heap after
Heap after GC invocations=3 (full 0):
 PSYoungGen      total 48640K, used 3553K [0x00000000eab00000, 0x00000000f0a00000, 0x0000000100000000)
  eden space 45056K, 0% used [0x00000000eab00000,0x00000000eab00000,0x00000000ed700000)
  from space 3584K, 99% used [0x00000000ed700000,0x00000000eda78668,0x00000000eda80000)
  to   space 3584K, 0% used [0x00000000f0680000,0x00000000f0680000,0x00000000f0a00000)
 ParOldGen       total 60416K, used 11764K [0x00000000c0000000, 0x00000000c3b00000, 0x00000000eab00000)
  object space 60416K, 19% used [0x00000000c0000000,0x00000000c0b7d298,0x00000000c3b00000)
 Metaspace       used 6188K, capacity 7088K, committed 7296K, reserved 1056768K
  class space    used 597K, capacity 616K, committed 640K, reserved 1048576K
}
Event: 16.329 GC heap before
{Heap before GC invocations=4 (full 0):
 PSYoungGen      total 48640K, used 48609K [0x00000000eab00000, 0x00000000f0a00000, 0x0000000100000000)
  eden space 45056K, 100% used [0x00000000eab00000,0x00000000ed700000,0x00000000ed700000)
  from space 3584K, 99% used [0x00000000ed700000,0x00000000eda78668,0x00000000eda80000)
  to   space 3584K, 0% used [0x00000000f0680000,0x00000000f0680000,0x00000000f0a00000)
 ParOldGen       total 60416K, used 11764K [0x00000000c0000000, 0x00000000c3b00000, 0x00000000eab00000)
  object space 60416K, 19% used [0x00000000c0000000,0x00000000c0b7d298,0x00000000c3b00000)
 Metaspace       used 6245K, capacity 7088K, committed 7296K, reserved 1056768K
  class space    used 597K, capacity 616K, committed 640K, reserved 1048576K
Event: 16.940 GC heap after
Heap after GC invocations=4 (full 0):
 PSYoungGen      total 93696K, used 3553K [0x00000000eab00000, 0x00000000f0a00000, 0x0000000100000000)
  eden space 90112K, 0% used [0x00000000eab00000,0x00000000eab00000,0x00000000f0300000)
  from space 3584K, 99% used [0x00000000f0680000,0x00000000f09f8688,0x00000000f0a00000)
  to   space 3584K, 0% used [0x00000000f0300000,0x00000000f0300000,0x00000000f0680000)
 ParOldGen       total 60416K, used 17861K [0x00000000c0000000, 0x00000000c3b00000, 0x00000000eab00000)
  object space 60416K, 29% used [0x00000000c0000000,0x00000000c1171560,0x00000000c3b00000)
 Metaspace       used 6245K, capacity 7088K, committed 7296K, reserved 1056768K
  class space    used 597K, capacity 616K, committed 640K, reserved 1048576K
}

Deoptimization events (10 events):
Event: 12.122 Thread 0x0000000057011800 Uncommon trap: reason=class_check action=maybe_recompile pc=0x0000000003082484 method=com.android.dx.cf.code.Ropper.processBlock(Lcom/android/dx/cf/code/ByteBlock;Lcom/android/dx/cf/code/Frame;[I)V @ 777
Event: 15.472 Thread 0x00000000570be000 Uncommon trap: reason=bimorphic action=maybe_recompile pc=0x00000000031832b0 method=com.android.dx.cf.code.BytecodeArray.parseInstruction(ILcom/android/dx/cf/code/BytecodeArray$Visitor;)I @ 971
Event: 15.473 Thread 0x00000000570be000 Uncommon trap: reason=bimorphic action=maybe_recompile pc=0x000000000318333c method=com.android.dx.cf.code.BytecodeArray.parseInstruction(ILcom/android/dx/cf/code/BytecodeArray$Visitor;)I @ 987
Event: 15.473 Thread 0x00000000570be000 Uncommon trap: reason=bimorphic action=maybe_recompile pc=0x00000000031832b0 method=com.android.dx.cf.code.BytecodeArray.parseInstruction(ILcom/android/dx/cf/code/BytecodeArray$Visitor;)I @ 971
Event: 19.393 Thread 0x00000000570be000 Uncommon trap: reason=unstable_if action=reinterpret pc=0x0000000002ca3370 method=java.util.HashMap.putVal(ILjava/lang/Object;Ljava/lang/Object;ZZ)Ljava/lang/Object; @ 162
Event: 19.398 Thread 0x00000000570be000 Uncommon trap: reason=unstable_if action=reinterpret pc=0x0000000002c6da10 method=java.util.HashMap.getNode(ILjava/lang/Object;)Ljava/util/HashMap$Node; @ 84
Event: 19.416 Thread 0x00000000570be000 Uncommon trap: reason=unstable_if action=reinterpret pc=0x00000000031bb744 method=com.android.dx.cf.code.Ropper.addOrReplaceBlock(Lcom/android/dx/rop/code/BasicBlock;Lcom/android/dx/util/IntList;)Z @ 24
Event: 19.702 Thread 0x000000005700d000 Uncommon trap: reason=class_check action=maybe_recompile pc=0x000000000323d30c method=com.android.dx.ssa.SCCP.replaceConstants()V @ 127
Event: 19.702 Thread 0x000000005700d000 Uncommon trap: reason=bimorphic action=maybe_recompile pc=0x0000000002fc47d8 method=com.android.dx.ssa.LiteralOpUpgrader.tryReplacingWithConstant(Lcom/android/dx/ssa/NormalSsaInsn;)Z @ 62
Event: 19.702 Thread 0x000000005700d000 Uncommon trap: reason=unstable_if action=reinterpret pc=0x0000000002e0e70c method=com.android.dx.ssa.SsaMethod.updateOneDefinition(Lcom/android/dx/ssa/SsaInsn;Lcom/android/dx/rop/code/RegisterSpec;)V @ 4

Internal exceptions (6 events):
Event: 0.916 Thread 0x00000000021fe000 Exception <a 'java/lang/NoSuchMethodError': Method sun.misc.Unsafe.defineClass(Ljava/lang/String;[BII)Ljava/lang/Class; name or signature does not match> (0x00000000eab13128) thrown at [C:\re\workspace\8-2-build-windows-amd64-cygwin\jdk8u71\5731\hotspot\sre?Sí?
Event: 0.916 Thread 0x00000000021fe000 Exception <a 'java/lang/NoSuchMethodError': Method sun.misc.Unsafe.prefetchRead(Ljava/lang/Object;J)V name or signature does not match> (0x00000000eab13410) thrown at [C:\re\workspace\8-2-build-windows-amd64-cygwin\jdk8u71\5731\hotspot\src\share\vm\prims\j†±0¼íÑ@
Event: 4.205 Thread 0x00000000021fe000 Implicit null exception at 0x0000000002d797f0 to 0x0000000002d7a271
Event: 19.395 Thread 0x00000000570be000 Exception <a 'java/lang/ArrayIndexOutOfBoundsException': 18> (0x00000000eb68a7a8) thrown at [C:\re\workspace\8-2-build-windows-amd64-cygwin\jdk8u71\5731\hotspot\src\share\vm\interpreter\interpreterRuntime.cpp, line 366]
Event: 19.396 Thread 0x00000000570be000 Exception <a 'java/lang/ArrayIndexOutOfBoundsException'> (0x00000000eb68c328) thrown at [C:\re\workspace\8-2-build-windows-amd64-cygwin\jdk8u71\5731\hotspot\src\share\vm\runtime\sharedRuntime.cpp, line 605]
Event: 19.398 Thread 0x00000000570be000 Exception <a 'java/lang/ArrayIndexOutOfBoundsException'> (0x00000000eb68d610) thrown at [C:\re\workspace\8-2-build-windows-amd64-cygwin\jdk8u71\5731\hotspot\src\share\vm\runtime\sharedRuntime.cpp, line 605]

Events (10 events):
Event: 21.404 Thread 0x000000005510a800 flushing nmethod 0x0000000002a8d710
Event: 21.404 Thread 0x000000005510a800 flushing nmethod 0x0000000002a8dbd0
Event: 21.404 Thread 0x000000005510a800 flushing nmethod 0x0000000002aa2a50
Event: 21.404 Thread 0x000000005510a800 flushing nmethod 0x0000000002abb2d0
Event: 21.404 Thread 0x000000005510a800 flushing nmethod 0x0000000002abbf10
Event: 21.404 Thread 0x000000005510a800 flushing nmethod 0x0000000002abcbd0
Event: 21.404 Thread 0x000000005510a800 flushing nmethod 0x0000000002abd750
Event: 21.404 Thread 0x000000005510a800 flushing nmethod 0x0000000002abdd90
Event: 21.404 Thread 0x000000005510a800 flushing nmethod 0x0000000002abe490
Event: 21.404 Thread 0x000000005510a800 flushing nmethod 0x0000000002abfb10


Dynamic libraries:
0x000000013f2f0000 - 0x000000013f327000 	C:\Program Files\Java\jdk1.8.0_71\bin\java.exe
0x0000000076f20000 - 0x00000000770c9000 	C:\Windows\SYSTEM32\ntdll.dll
0x0000000076d00000 - 0x0000000076e1f000 	C:\Windows\system32\kernel32.dll
0x000007fefcea0000 - 0x000007fefcf0c000 	C:\Windows\system32\KERNELBASE.dll
0x000007fefd140000 - 0x000007fefd21b000 	C:\Windows\system32\ADVAPI32.dll
0x000007fefe7a0000 - 0x000007fefe83f000 	C:\Windows\system32\msvcrt.dll
0x000007fefd440000 - 0x000007fefd45f000 	C:\Windows\SYSTEM32\sechost.dll
0x000007fefe670000 - 0x000007fefe79d000 	C:\Windows\system32\RPCRT4.dll
0x0000000076e20000 - 0x0000000076f1a000 	C:\Windows\system32\USER32.dll
0x000007fefee40000 - 0x000007fefeea7000 	C:\Windows\system32\GDI32.dll
0x000007fefd220000 - 0x000007fefd22e000 	C:\Windows\system32\LPK.dll
0x000007feff160000 - 0x000007feff229000 	C:\Windows\system32\USP10.dll
0x000007fefb8c0000 - 0x000007fefbab4000 	C:\Windows\WinSxS\amd64_microsoft.windows.common-controls_6595b64144ccf1df_6.0.7601.17514_none_fa396087175ac9ac\COMCTL32.dll
0x000007fefe5f0000 - 0x000007fefe661000 	C:\Windows\system32\SHLWAPI.dll
0x000007fefeb20000 - 0x000007fefeb4e000 	C:\Windows\system32\IMM32.DLL
0x000007fefd460000 - 0x000007fefd569000 	C:\Windows\system32\MSCTF.dll
0x000000005e710000 - 0x000000005e7e2000 	C:\Program Files\Java\jdk1.8.0_71\jre\bin\msvcr100.dll
0x000000006c370000 - 0x000000006cbff000 	C:\Program Files\Java\jdk1.8.0_71\jre\bin\server\jvm.dll
0x000007fef4140000 - 0x000007fef4149000 	C:\Windows\system32\WSOCK32.dll
0x000007fefd0f0000 - 0x000007fefd13d000 	C:\Windows\system32\WS2_32.dll
0x000007fefd650000 - 0x000007fefd658000 	C:\Windows\system32\NSI.dll
0x000007fefaed0000 - 0x000007fefaf0b000 	C:\Windows\system32\WINMM.dll
0x000007fefbe20000 - 0x000007fefbe2c000 	C:\Windows\system32\VERSION.dll
0x00000000770f0000 - 0x00000000770f7000 	C:\Windows\system32\PSAPI.DLL
0x000000006d320000 - 0x000000006d32f000 	C:\Program Files\Java\jdk1.8.0_71\jre\bin\verify.dll
0x000000006c1a0000 - 0x000000006c1c9000 	C:\Program Files\Java\jdk1.8.0_71\jre\bin\java.dll
0x000000006c180000 - 0x000000006c196000 	C:\Program Files\Java\jdk1.8.0_71\jre\bin\zip.dll
0x000007fefd660000 - 0x000007fefe3e8000 	C:\Windows\system32\SHELL32.dll
0x000007fefeb50000 - 0x000007fefed53000 	C:\Windows\system32\ole32.dll
0x000007fefcd40000 - 0x000007fefcd4f000 	C:\Windows\system32\profapi.dll

VM Arguments:
jvm_args: -Djava.awt.headless=true -Xmx1024M -Dfile.encoding=windows-1251 -Duser.country=RU -Duser.language=ru -Duser.variant 
java_command: com.android.dx.command.Main --dex --num-threads=4 --output C:\Users\NotimPortant\AndroidStudioProjects\KinCheck\app\build\intermediates\pre-dexed\debug\jsoup-1.8.3_8ebae9bb1921801fc6aaba6153036affdcb005d6.jar C:\Users\NotimPortant\.gradle\caches\modules-2\files-2.1\org.jsoup\jsoup\1.8.3\65fd012581ded67bc20945d85c32b4598c3a9cf1\jsoup-1.8.3.jar
java_class_path (initial): C:\Users\NotimPortant\AppData\Local\Android\sdk\build-tools\23.0.2\lib\dx.jar
Launcher Type: SUN_STANDARD

Environment Variables:
PATH=C:\ProgramData\Oracle\Java\javapath;C:\Windows\system32;C:\Windows;C:\Windows\System32\Wbem;C:\Windows\System32\WindowsPowerShell\v1.0\;C:\Program Files (x86)\AMD\ATI.ACE\Core-Static;C:\Program Files (x86)\Skype\Phone\
USERNAME=NotimPortant
OS=Windows_NT
PROCESSOR_IDENTIFIER=AMD64 Family 21 Model 16 Stepping 1, AuthenticAMD



---------------  S Y S T E M  ---------------

OS: Windows 7 , 64 bit Build 7601 (6.1.7601.18409)

CPU:total 4 (4 cores per cpu, 1 threads per core) family 21 model 16 stepping 1, cmov, cx8, fxsr, mmx, sse, sse2, sse3, ssse3, sse4.1, sse4.2, popcnt, avx, aes, clmul, mmxext, 3dnowpref, lzcnt, sse4a, tsc, tscinvbit, tscinv, bmi1

Memory: 4k page, physical 5734772k(1368464k free), swap 5732908k(5040k free)

vm_info: Java HotSpot(TM) 64-Bit Server VM (25.71-b15) for windows-amd64 JRE (1.8.0_71-b15), built on Dec 22 2015 18:15:55 by "java_re" with MS VC++ 10.0 (VS2010)

time: Sat Feb 13 16:48:56 2016
elapsed time: 22 seconds (0d 0h 0m 22s)

